<?xml version="1.0" encoding="UTF-8"?>
<!-- Generated by org.testng.reporters.JUnitXMLReporter -->
<testsuite hostname="DESKTOP-6NI868R" ignored="2" name="Default test" tests="1" failures="0" timestamp="15 Feb 2020 18:57:38 GMT" time="20.445" errors="0">
  <testcase name="VerifySearchResultsTest" time="19.96" classname="TestCases.SearchQuery"/>
  <testcase name="SearchQueryInputTest" time="0.0" classname="TestCases.SearchQuery">
    <ignored/>
  </testcase> <!-- SearchQueryInputTest -->
  <testcase name="SearchingWithEmtyQueryTest" time="0.0" classname="TestCases.SearchQuery">
    <ignored/>
  </testcase> <!-- SearchingWithEmtyQueryTest -->
</testsuite> <!-- Default test -->
