<?xml version="1.0" encoding="UTF-8"?>
<!-- Generated by org.testng.reporters.JUnitXMLReporter -->
<testsuite hostname="DESKTOP-6NI868R" ignored="0" name="Default test" tests="4" failures="0" timestamp="06 Oct 2019 14:11:19 GMT" time="210.596" errors="0">
  <testcase name="MultipleSearch" time="22.621" classname="TestCases.MultipleSearchTest"/>
  <testcase name="MultipleSearch" time="22.248" classname="TestCases.MultipleSearchTest"/>
  <testcase name="MultipleSearch" time="22.182" classname="TestCases.MultipleSearchTest"/>
  <testcase name="MultipleSearch" time="64.275" classname="TestCases.MultipleSearchTest"/>
</testsuite> <!-- Default test -->
