<?xml version="1.0" encoding="UTF-8"?>
<!-- Generated by org.testng.reporters.JUnitXMLReporter -->
<testsuite hostname="DESKTOP-6NI868R" ignored="0" name="Test1" tests="6" failures="0" timestamp="12 Feb 2020 18:44:15 GMT" time="163.563" errors="0">
  <testcase name="FlightstatusPageTitleTest" time="7.484" classname="TestCases.FlightStatusTest"/>
  <testcase name="SearchPageTitleTest" time="0.025" classname="TestCases.SearchPageTest"/>
  <testcase name="FlightStatusLogoTest" time="6.709" classname="TestCases.FlightStatusTest"/>
  <testcase name="FlightSearchLogTest" time="0.102" classname="TestCases.SearchPageTest"/>
  <testcase name="FlightStatusSearchTest" time="16.504" classname="TestCases.FlightStatusTest"/>
  <testcase name="OnewaySearchTest" time="18.939" classname="TestCases.SearchPageTest"/>
</testsuite> <!-- Test1 -->
