<?xml version="1.0" encoding="UTF-8"?>
<!-- Generated by org.testng.reporters.JUnitXMLReporter -->
<testsuite hostname="DESKTOP-6NI868R" ignored="0" name="Test2" tests="4" failures="0" timestamp="12 Feb 2020 18:46:22 GMT" time="127.732" errors="0">
  <testcase name="MultipleSearch" time="17.703" classname="TestCases.MultipleSearchTest"/>
  <testcase name="MultipleSearch" time="17.333" classname="TestCases.MultipleSearchTest"/>
  <testcase name="HotelSearchPageTitleTest" time="0.088" classname="TestCases.HotelSearchTest"/>
  <testcase name="HotelSearchcheck" time="2.863" classname="TestCases.HotelSearchTest"/>
</testsuite> <!-- Test2 -->
