<?xml version="1.0" encoding="UTF-8"?>
<!-- Generated by org.testng.reporters.JUnitXMLReporter -->
<testsuite hostname="DESKTOP-6NI868R" ignored="0" name="Test2" tests="4" failures="0" timestamp="26 Jan 2020 11:12:51 GMT" time="97.679" errors="0">
  <testcase name="MultipleSearch" time="14.983" classname="TestCases.MultipleSearchTest"/>
  <testcase name="MultipleSearch" time="16.247" classname="TestCases.MultipleSearchTest"/>
  <testcase name="HotelSearchPageTitleTest" time="0.047" classname="TestCases.HotelSearchTest"/>
  <testcase name="HotelSearchcheck" time="4.339" classname="TestCases.HotelSearchTest"/>
</testsuite> <!-- Test2 -->
