<?xml version="1.0" encoding="UTF-8"?>
<!-- Generated by org.testng.reporters.JUnitXMLReporter -->
<testsuite hostname="DESKTOP-6NI868R" ignored="0" name="Test" tests="14" failures="2" timestamp="25 Oct 2019 13:40:51 GMT" time="427.076" errors="0">
  <testcase name="MultipleSearch" time="31.564" classname="TestCases.MultipleSearchTest"/>
  <testcase name="MultipleSearch" time="20.43" classname="TestCases.MultipleSearchTest"/>
  <testcase name="MultipleSearch" time="23.033" classname="TestCases.MultipleSearchTest"/>
  <testcase name="SearchPageTitleTest" time="0.041" classname="TestCases.SearchPageTest">
    <skipped/>
  </testcase> <!-- SearchPageTitleTest -->
  <testcase name="SearchPageTitleTest" time="0.03" classname="TestCases.SearchPageTest">
    <skipped/>
  </testcase> <!-- SearchPageTitleTest -->
  <testcase name="SearchPageTitleTest" time="0.033" classname="TestCases.SearchPageTest">
    <skipped/>
  </testcase> <!-- SearchPageTitleTest -->
  <testcase name="SearchPageTitleTest" time="0.052" classname="TestCases.SearchPageTest">
    <failure type="java.lang.AssertionError" message="expected [SpiceJet - Flight Booking for Domestic and International, Cheap Air Tickets1] but found [SpiceJet - Flight Booking for Domestic and International, Cheap Air Tickets]">
      <![CDATA[java.lang.AssertionError: expected [SpiceJet - Flight Booking for Domestic and International, Cheap Air Tickets1] but found [SpiceJet - Flight Booking for Domestic and International, Cheap Air Tickets]
at TestCases.SearchPageTest.SearchPageTitleTest(SearchPageTest.java:39)
... Removed 31 stack frames]]>
    </failure>
  </testcase> <!-- SearchPageTitleTest -->
  <testcase name="HotelSearchPageTitleTest" time="0.039" classname="TestCases.HotelSearchTest">
    <skipped/>
  </testcase> <!-- HotelSearchPageTitleTest -->
  <testcase name="HotelSearchPageTitleTest" time="0.032" classname="TestCases.HotelSearchTest">
    <skipped/>
  </testcase> <!-- HotelSearchPageTitleTest -->
  <testcase name="HotelSearchPageTitleTest" time="0.044" classname="TestCases.HotelSearchTest">
    <skipped/>
  </testcase> <!-- HotelSearchPageTitleTest -->
  <testcase name="HotelSearchPageTitleTest" time="0.05" classname="TestCases.HotelSearchTest">
    <failure type="java.lang.AssertionError" message="expected [SpiceJet - Flight Booking for Domestic and International, Cheap Air Tickets1] but found [SpiceJet - Flight Booking for Domestic and International, Cheap Air Tickets]">
      <![CDATA[java.lang.AssertionError: expected [SpiceJet - Flight Booking for Domestic and International, Cheap Air Tickets1] but found [SpiceJet - Flight Booking for Domestic and International, Cheap Air Tickets]
at TestCases.HotelSearchTest.HotelSearchPageTitleTest(HotelSearchTest.java:37)
... Removed 31 stack frames]]>
    </failure>
  </testcase> <!-- HotelSearchPageTitleTest -->
  <testcase name="FlightSearchLogTest" time="0.154" classname="TestCases.SearchPageTest"/>
  <testcase name="HotelSearchcheck" time="3.676" classname="TestCases.HotelSearchTest"/>
  <testcase name="OnewaySearchTest" time="17.77" classname="TestCases.SearchPageTest"/>
</testsuite> <!-- Test -->
