<?xml version="1.0" encoding="UTF-8"?>
<!-- Generated by org.testng.reporters.JUnitXMLReporter -->
<testsuite hostname="DESKTOP-6NI868R" ignored="0" name="Test" tests="6" failures="2" timestamp="07 Oct 2019 13:58:24 GMT" time="155.589" errors="0">
  <testcase name="MultipleSearch" time="18.529" classname="TestCases.MultipleSearchTest"/>
  <testcase name="SearchPageTitleTest" time="0.024" classname="TestCases.SearchPageTest">
    <failure type="java.lang.AssertionError" message="expected [SpiceJet - Flight Booking for Domestic and International, Cheap Air Tickets1] but found [SpiceJet - Flight Booking for Domestic and International, Cheap Air Tickets]">
      <![CDATA[java.lang.AssertionError: expected [SpiceJet - Flight Booking for Domestic and International, Cheap Air Tickets1] but found [SpiceJet - Flight Booking for Domestic and International, Cheap Air Tickets]
at TestCases.SearchPageTest.SearchPageTitleTest(SearchPageTest.java:39)
... Removed 31 stack frames]]>
    </failure>
  </testcase> <!-- SearchPageTitleTest -->
  <testcase name="HotelSearchPageTitleTest" time="0.035" classname="TestCases.HotelSearchTest">
    <failure type="java.lang.AssertionError" message="expected [SpiceJet - Flight Booking for Domestic and International, Cheap Air Tickets1] but found [SpiceJet - Flight Booking for Domestic and International, Cheap Air Tickets]">
      <![CDATA[java.lang.AssertionError: expected [SpiceJet - Flight Booking for Domestic and International, Cheap Air Tickets1] but found [SpiceJet - Flight Booking for Domestic and International, Cheap Air Tickets]
at TestCases.HotelSearchTest.HotelSearchPageTitleTest(HotelSearchTest.java:37)
... Removed 31 stack frames]]>
    </failure>
  </testcase> <!-- HotelSearchPageTitleTest -->
  <testcase name="FlightSearchLogTest" time="0.17" classname="TestCases.SearchPageTest"/>
  <testcase name="HotelSearchcheck" time="4.388" classname="TestCases.HotelSearchTest"/>
  <testcase name="OnewaySearchTest" time="15.676" classname="TestCases.SearchPageTest"/>
</testsuite> <!-- Test -->
