<?xml version="1.0" encoding="UTF-8"?>
<!-- Generated by org.testng.reporters.JUnitXMLReporter -->
<testsuite ignored="0" hostname="DESKTOP-6NI868R" failures="2" tests="14" name="Test" time="472.23" errors="0" timestamp="25 Oct 2019 13:53:49 GMT">
  <testcase classname="TestCases.MultipleSearchTest" name="MultipleSearch" time="26.905"/>
  <testcase classname="TestCases.MultipleSearchTest" name="MultipleSearch" time="28.489"/>
  <testcase classname="TestCases.MultipleSearchTest" name="MultipleSearch" time="24.385"/>
  <testcase classname="TestCases.SearchPageTest" name="SearchPageTitleTest" time="0.026">
    <skipped/>
  </testcase> <!-- SearchPageTitleTest -->
  <testcase classname="TestCases.SearchPageTest" name="SearchPageTitleTest" time="0.026">
    <skipped/>
  </testcase> <!-- SearchPageTitleTest -->
  <testcase classname="TestCases.SearchPageTest" name="SearchPageTitleTest" time="0.031">
    <skipped/>
  </testcase> <!-- SearchPageTitleTest -->
  <testcase classname="TestCases.SearchPageTest" name="SearchPageTitleTest" time="0.029">
    <failure type="java.lang.AssertionError" message="expected [SpiceJet - Flight Booking for Domestic and International, Cheap Air Tickets1] but found [SpiceJet - Flight Booking for Domestic and International, Cheap Air Tickets]">
      <![CDATA[java.lang.AssertionError: expected [SpiceJet - Flight Booking for Domestic and International, Cheap Air Tickets1] but found [SpiceJet - Flight Booking for Domestic and International, Cheap Air Tickets]
at TestCases.SearchPageTest.SearchPageTitleTest(SearchPageTest.java:39)
... Removed 34 stack frames]]>
    </failure>
  </testcase> <!-- SearchPageTitleTest -->
  <testcase classname="TestCases.HotelSearchTest" name="HotelSearchPageTitleTest" time="0.019">
    <skipped/>
  </testcase> <!-- HotelSearchPageTitleTest -->
  <testcase classname="TestCases.HotelSearchTest" name="HotelSearchPageTitleTest" time="0.021">
    <skipped/>
  </testcase> <!-- HotelSearchPageTitleTest -->
  <testcase classname="TestCases.HotelSearchTest" name="HotelSearchPageTitleTest" time="0.024">
    <skipped/>
  </testcase> <!-- HotelSearchPageTitleTest -->
  <testcase classname="TestCases.HotelSearchTest" name="HotelSearchPageTitleTest" time="0.02">
    <failure type="java.lang.AssertionError" message="expected [SpiceJet - Flight Booking for Domestic and International, Cheap Air Tickets1] but found [SpiceJet - Flight Booking for Domestic and International, Cheap Air Tickets]">
      <![CDATA[java.lang.AssertionError: expected [SpiceJet - Flight Booking for Domestic and International, Cheap Air Tickets1] but found [SpiceJet - Flight Booking for Domestic and International, Cheap Air Tickets]
at TestCases.HotelSearchTest.HotelSearchPageTitleTest(HotelSearchTest.java:37)
... Removed 34 stack frames]]>
    </failure>
  </testcase> <!-- HotelSearchPageTitleTest -->
  <testcase classname="TestCases.SearchPageTest" name="FlightSearchLogTest" time="0.124"/>
  <testcase classname="TestCases.HotelSearchTest" name="HotelSearchcheck" time="3.3"/>
  <testcase classname="TestCases.SearchPageTest" name="OnewaySearchTest" time="17.007"/>
</testsuite> <!-- Test -->
