<?xml version="1.0" encoding="UTF-8"?>
<!-- Generated by org.testng.reporters.JUnitXMLReporter -->
<testsuite hostname="DESKTOP-6NI868R" ignored="0" name="Test1" tests="6" failures="0" timestamp="22 Feb 2020 19:54:29 GMT" time="132.754" errors="0">
  <testcase name="FlightstatusPageTitleTest" time="4.548" classname="TestCases.FlightStatusTest"/>
  <testcase name="SearchPageTitleTest" time="0.028" classname="TestCases.SearchPageTest"/>
  <testcase name="FlightStatusLogoTest" time="4.671" classname="TestCases.FlightStatusTest"/>
  <testcase name="FlightSearchLogTest" time="0.072" classname="TestCases.SearchPageTest"/>
  <testcase name="FlightStatusSearchTest" time="10.222" classname="TestCases.FlightStatusTest"/>
  <testcase name="OnewaySearchTest" time="14.159" classname="TestCases.SearchPageTest"/>
</testsuite> <!-- Test1 -->
