<?xml version="1.0" encoding="UTF-8"?>
<!-- Generated by org.testng.reporters.JUnitXMLReporter -->
<testsuite hostname="DESKTOP-6NI868R" ignored="0" name="Test1" tests="6" failures="0" timestamp="26 Jan 2020 14:19:31 GMT" time="137.082" errors="0">
  <testcase name="FlightstatusPageTitleTest" time="5.445" classname="TestCases.FlightStatusTest"/>
  <testcase name="SearchPageTitleTest" time="0.019" classname="TestCases.SearchPageTest"/>
  <testcase name="FlightStatusLogoTest" time="7.597" classname="TestCases.FlightStatusTest"/>
  <testcase name="FlightSearchLogTest" time="0.094" classname="TestCases.SearchPageTest"/>
  <testcase name="FlightStatusSearchTest" time="12.02" classname="TestCases.FlightStatusTest"/>
  <testcase name="OnewaySearchTest" time="16.364" classname="TestCases.SearchPageTest"/>
</testsuite> <!-- Test1 -->
