<?xml version="1.0" encoding="UTF-8"?>
<!-- Generated by org.testng.reporters.JUnitXMLReporter -->
<testsuite hostname="DESKTOP-6NI868R" ignored="0" name="Test2" tests="4" failures="0" timestamp="22 Feb 2020 19:56:01 GMT" time="92.561" errors="0">
  <testcase name="MultipleSearch" time="14.569" classname="TestCases.MultipleSearchTest"/>
  <testcase name="MultipleSearch" time="13.809" classname="TestCases.MultipleSearchTest"/>
  <testcase name="HotelSearchPageTitleTest" time="0.135" classname="TestCases.HotelSearchTest"/>
  <testcase name="HotelSearchcheck" time="3.088" classname="TestCases.HotelSearchTest"/>
</testsuite> <!-- Test2 -->
