<?xml version="1.0" encoding="UTF-8"?>
<!-- Generated by org.testng.reporters.JUnitXMLReporter -->
<testsuite hostname="DESKTOP-6NI868R" ignored="0" name="Test2" tests="4" failures="0" timestamp="26 Jan 2020 14:21:17 GMT" time="103.616" errors="0">
  <testcase name="MultipleSearch" time="15.783" classname="TestCases.MultipleSearchTest"/>
  <testcase name="MultipleSearch" time="17.143" classname="TestCases.MultipleSearchTest"/>
  <testcase name="HotelSearchPageTitleTest" time="0.014" classname="TestCases.HotelSearchTest"/>
  <testcase name="HotelSearchcheck" time="3.005" classname="TestCases.HotelSearchTest"/>
</testsuite> <!-- Test2 -->
