<?xml version="1.0" encoding="UTF-8"?>
<testsuite xmlns:xsi="http://www.w3.org/2001/XMLSchema-instance" xsi:noNamespaceSchemaLocation="https://maven.apache.org/surefire/maven-surefire-plugin/xsd/surefire-test-report.xsd" name="TestSuite" time="475.246" tests="14" errors="0" skipped="6" failures="2">
  <properties>
[...]
</properties>
  <testcase name="MultipleSearch" classname="TestCases.MultipleSearchTest" time="26.909"/>
  <testcase name="MultipleSearch" classname="TestCases.MultipleSearchTest" time="28.489"/>
  <testcase name="MultipleSearch" classname="TestCases.MultipleSearchTest" time="24.384"/>
  <testcase name="SearchPageTitleTest" classname="TestCases.SearchPageTest" time="0">
    <skipped message="expected [SpiceJet - Flight Booking for Domestic and International, Cheap Air Tickets1] but found [SpiceJet - Flight Booking for Domestic and International, Cheap Air Tickets]"/>
    <system-out><![CDATA[I am in onTestStart method SearchPageTitleTest start
SpiceJet - Flight Booking for Domestic and International, Cheap Air Tickets
I am in onTestSkipped method SearchPageTitleTest skipped
]]></system-out>
    <system-err><![CDATA[Starting ChromeDriver 78.0.3904.70 (edb9c9f3de0247fd912a77b7f6cae7447f6d3ad5-refs/branch-heads/3904@{#800}) on port 40484
Only local connections are allowed.
Please protect ports used by ChromeDriver and related test frameworks to prevent access by malicious code.
[1572011327.338][WARNING]: Timed out connecting to Chrome, retrying...
Oct 25, 2019 3:48:49 PM org.openqa.selenium.remote.ProtocolHandshake createSession
INFO: Detected dialect: W3C
[1572011331.448][WARNING]: Timed out connecting to Chrome, retrying...
]]></system-err>
  </testcase>
  <testcase name="SearchPageTitleTest" classname="TestCases.SearchPageTest" time="0">
    <skipped message="expected [SpiceJet - Flight Booking for Domestic and International, Cheap Air Tickets1] but found [SpiceJet - Flight Booking for Domestic and International, Cheap Air Tickets]"/>
    <system-out><![CDATA[I am in onTestStart method SearchPageTitleTest start
SpiceJet - Flight Booking for Domestic and International, Cheap Air Tickets
I am in onTestSkipped method SearchPageTitleTest skipped
]]></system-out>
    <system-err><![CDATA[Starting ChromeDriver 78.0.3904.70 (edb9c9f3de0247fd912a77b7f6cae7447f6d3ad5-refs/branch-heads/3904@{#800}) on port 33896
Only local connections are allowed.
Please protect ports used by ChromeDriver and related test frameworks to prevent access by malicious code.
[1572011353.135][WARNING]: Timed out connecting to Chrome, retrying...
Oct 25, 2019 3:49:15 PM org.openqa.selenium.remote.ProtocolHandshake createSession
INFO: Detected dialect: W3C
[1572011357.279][WARNING]: Timed out connecting to Chrome, retrying...
]]></system-err>
  </testcase>
  <testcase name="SearchPageTitleTest" classname="TestCases.SearchPageTest" time="0">
    <skipped message="expected [SpiceJet - Flight Booking for Domestic and International, Cheap Air Tickets1] but found [SpiceJet - Flight Booking for Domestic and International, Cheap Air Tickets]"/>
    <system-out><![CDATA[I am in onTestStart method SearchPageTitleTest start
SpiceJet - Flight Booking for Domestic and International, Cheap Air Tickets
I am in onTestSkipped method SearchPageTitleTest skipped
]]></system-out>
    <system-err><![CDATA[Starting ChromeDriver 78.0.3904.70 (edb9c9f3de0247fd912a77b7f6cae7447f6d3ad5-refs/branch-heads/3904@{#800}) on port 19267
Only local connections are allowed.
Please protect ports used by ChromeDriver and related test frameworks to prevent access by malicious code.
[1572011375.655][WARNING]: Timed out connecting to Chrome, retrying...
Oct 25, 2019 3:49:37 PM org.openqa.selenium.remote.ProtocolHandshake createSession
INFO: Detected dialect: W3C
[1572011379.795][WARNING]: Timed out connecting to Chrome, retrying...
]]></system-err>
  </testcase>
  <testcase name="SearchPageTitleTest" classname="TestCases.SearchPageTest" time="0.865">
    <failure message="expected [SpiceJet - Flight Booking for Domestic and International, Cheap Air Tickets1] but found [SpiceJet - Flight Booking for Domestic and International, Cheap Air Tickets]" type="java.lang.AssertionError">java.lang.AssertionError: expected [SpiceJet - Flight Booking for Domestic and International, Cheap Air Tickets1] but found [SpiceJet - Flight Booking for Domestic and International, Cheap Air Tickets]
	at TestCases.SearchPageTest.SearchPageTitleTest(SearchPageTest.java:39)
</failure>
    <system-out><![CDATA[I am in onTestStart method SearchPageTitleTest start
SpiceJet - Flight Booking for Domestic and International, Cheap Air Tickets
I am in onTestFailure method SearchPageTitleTest failed
Screenshot captured for test case:SearchPageTitleTest
]]></system-out>
    <system-err><![CDATA[Starting ChromeDriver 78.0.3904.70 (edb9c9f3de0247fd912a77b7f6cae7447f6d3ad5-refs/branch-heads/3904@{#800}) on port 41662
Only local connections are allowed.
Please protect ports used by ChromeDriver and related test frameworks to prevent access by malicious code.
[1572011400.200][WARNING]: Timed out connecting to Chrome, retrying...
Oct 25, 2019 3:50:02 PM org.openqa.selenium.remote.ProtocolHandshake createSession
INFO: Detected dialect: W3C
[1572011404.311][WARNING]: Timed out connecting to Chrome, retrying...
]]></system-err>
  </testcase>
  <testcase name="HotelSearchPageTitleTest" classname="TestCases.HotelSearchTest" time="0">
    <skipped message="expected [SpiceJet - Flight Booking for Domestic and International, Cheap Air Tickets1] but found [SpiceJet - Flight Booking for Domestic and International, Cheap Air Tickets]"/>
    <system-out><![CDATA[I am in onTestStart method HotelSearchPageTitleTest start
SpiceJet - Flight Booking for Domestic and International, Cheap Air Tickets
I am in onTestSkipped method HotelSearchPageTitleTest skipped
]]></system-out>
    <system-err><![CDATA[Starting ChromeDriver 78.0.3904.70 (edb9c9f3de0247fd912a77b7f6cae7447f6d3ad5-refs/branch-heads/3904@{#800}) on port 14906
Only local connections are allowed.
Please protect ports used by ChromeDriver and related test frameworks to prevent access by malicious code.
[1572011425.143][WARNING]: Timed out connecting to Chrome, retrying...
Oct 25, 2019 3:50:27 PM org.openqa.selenium.remote.ProtocolHandshake createSession
INFO: Detected dialect: W3C
[1572011429.281][WARNING]: Timed out connecting to Chrome, retrying...
]]></system-err>
  </testcase>
  <testcase name="HotelSearchPageTitleTest" classname="TestCases.HotelSearchTest" time="0">
    <skipped message="expected [SpiceJet - Flight Booking for Domestic and International, Cheap Air Tickets1] but found [SpiceJet - Flight Booking for Domestic and International, Cheap Air Tickets]"/>
    <system-out><![CDATA[I am in onTestStart method HotelSearchPageTitleTest start
SpiceJet - Flight Booking for Domestic and International, Cheap Air Tickets
I am in onTestSkipped method HotelSearchPageTitleTest skipped
]]></system-out>
    <system-err><![CDATA[Starting ChromeDriver 78.0.3904.70 (edb9c9f3de0247fd912a77b7f6cae7447f6d3ad5-refs/branch-heads/3904@{#800}) on port 43288
Only local connections are allowed.
Please protect ports used by ChromeDriver and related test frameworks to prevent access by malicious code.
[1572011449.611][WARNING]: Timed out connecting to Chrome, retrying...
Oct 25, 2019 3:50:51 PM org.openqa.selenium.remote.ProtocolHandshake createSession
INFO: Detected dialect: W3C
[1572011453.746][WARNING]: Timed out connecting to Chrome, retrying...
]]></system-err>
  </testcase>
  <testcase name="HotelSearchPageTitleTest" classname="TestCases.HotelSearchTest" time="0">
    <skipped message="expected [SpiceJet - Flight Booking for Domestic and International, Cheap Air Tickets1] but found [SpiceJet - Flight Booking for Domestic and International, Cheap Air Tickets]"/>
    <system-out><![CDATA[I am in onTestStart method HotelSearchPageTitleTest start
SpiceJet - Flight Booking for Domestic and International, Cheap Air Tickets
I am in onTestSkipped method HotelSearchPageTitleTest skipped
]]></system-out>
    <system-err><![CDATA[Starting ChromeDriver 78.0.3904.70 (edb9c9f3de0247fd912a77b7f6cae7447f6d3ad5-refs/branch-heads/3904@{#800}) on port 4725
Only local connections are allowed.
Please protect ports used by ChromeDriver and related test frameworks to prevent access by malicious code.
[1572011475.305][WARNING]: Timed out connecting to Chrome, retrying...
Oct 25, 2019 3:51:17 PM org.openqa.selenium.remote.ProtocolHandshake createSession
INFO: Detected dialect: W3C
[1572011479.392][WARNING]: Timed out connecting to Chrome, retrying...
]]></system-err>
  </testcase>
  <testcase name="HotelSearchPageTitleTest" classname="TestCases.HotelSearchTest" time="0.75">
    <failure message="expected [SpiceJet - Flight Booking for Domestic and International, Cheap Air Tickets1] but found [SpiceJet - Flight Booking for Domestic and International, Cheap Air Tickets]" type="java.lang.AssertionError">java.lang.AssertionError: expected [SpiceJet - Flight Booking for Domestic and International, Cheap Air Tickets1] but found [SpiceJet - Flight Booking for Domestic and International, Cheap Air Tickets]
	at TestCases.HotelSearchTest.HotelSearchPageTitleTest(HotelSearchTest.java:37)
</failure>
    <system-out><![CDATA[I am in onTestStart method HotelSearchPageTitleTest start
SpiceJet - Flight Booking for Domestic and International, Cheap Air Tickets
I am in onTestFailure method HotelSearchPageTitleTest failed
Screenshot captured for test case:HotelSearchPageTitleTest
]]></system-out>
    <system-err><![CDATA[Starting ChromeDriver 78.0.3904.70 (edb9c9f3de0247fd912a77b7f6cae7447f6d3ad5-refs/branch-heads/3904@{#800}) on port 10041
Only local connections are allowed.
Please protect ports used by ChromeDriver and related test frameworks to prevent access by malicious code.
[1572011510.416][WARNING]: Timed out connecting to Chrome, retrying...
Oct 25, 2019 3:51:52 PM org.openqa.selenium.remote.ProtocolHandshake createSession
INFO: Detected dialect: W3C
[1572011514.541][WARNING]: Timed out connecting to Chrome, retrying...
]]></system-err>
  </testcase>
  <testcase name="FlightSearchLogTest" classname="TestCases.SearchPageTest" time="0.125"/>
  <testcase name="HotelSearchcheck" classname="TestCases.HotelSearchTest" time="3.299"/>
  <testcase name="OnewaySearchTest" classname="TestCases.SearchPageTest" time="16.995"/>
</testsuite>