<?xml version="1.0" encoding="UTF-8"?>
<testng-results skipped="0" failed="2" ignored="0" total="8" passed="6">
  <reporter-output>
  </reporter-output>
  <suite name="Suite" duration-ms="231862" started-at="2019-10-07T14:06:01Z" finished-at="2019-10-07T14:09:53Z">
    <groups>
    </groups>
    <test name="Test" duration-ms="231862" started-at="2019-10-07T14:06:01Z" finished-at="2019-10-07T14:09:53Z">
      <class name="TestCases.MultipleSearchTest">
        <test-method status="PASS" signature="Setup()[pri:0, instance:TestCases.MultipleSearchTest@24fb6a80]" name="Setup" is-config="true" duration-ms="21777" started-at="2019-10-07T14:06:02Z" finished-at="2019-10-07T14:06:23Z">
          <reporter-output>
          </reporter-output>
        </test-method> <!-- Setup -->
        <test-method status="PASS" signature="MultipleSearch(java.lang.String, java.lang.String)[pri:0, instance:TestCases.MultipleSearchTest@24fb6a80]" name="MultipleSearch" duration-ms="16992" started-at="2019-10-07T14:06:24Z" data-provider="GetTestData" finished-at="2019-10-07T14:06:41Z">
          <params>
            <param index="0">
              <value>
                <![CDATA[Hyderabad (HYD)]]>
              </value>
            </param>
            <param index="1">
              <value>
                <![CDATA[Goa (GOI)]]>
              </value>
            </param>
          </params>
          <reporter-output>
          </reporter-output>
        </test-method> <!-- MultipleSearch -->
        <test-method status="PASS" signature="TearDown()[pri:0, instance:TestCases.MultipleSearchTest@24fb6a80]" name="TearDown" is-config="true" duration-ms="847" started-at="2019-10-07T14:06:41Z" finished-at="2019-10-07T14:06:42Z">
          <reporter-output>
          </reporter-output>
        </test-method> <!-- TearDown -->
        <test-method status="PASS" signature="Setup()[pri:0, instance:TestCases.MultipleSearchTest@24fb6a80]" name="Setup" is-config="true" duration-ms="17822" started-at="2019-10-07T14:06:42Z" finished-at="2019-10-07T14:06:59Z">
          <reporter-output>
          </reporter-output>
        </test-method> <!-- Setup -->
        <test-method status="PASS" signature="MultipleSearch(java.lang.String, java.lang.String)[pri:0, instance:TestCases.MultipleSearchTest@24fb6a80]" name="MultipleSearch" duration-ms="15996" started-at="2019-10-07T14:06:59Z" data-provider="GetTestData" finished-at="2019-10-07T14:07:15Z">
          <params>
            <param index="0">
              <value>
                <![CDATA[Hyderabad (HYD)]]>
              </value>
            </param>
            <param index="1">
              <value>
                <![CDATA[Delhi (DEL)]]>
              </value>
            </param>
          </params>
          <reporter-output>
          </reporter-output>
        </test-method> <!-- MultipleSearch -->
        <test-method status="PASS" signature="TearDown()[pri:0, instance:TestCases.MultipleSearchTest@24fb6a80]" name="TearDown" is-config="true" duration-ms="821" started-at="2019-10-07T14:07:15Z" finished-at="2019-10-07T14:07:16Z">
          <reporter-output>
          </reporter-output>
        </test-method> <!-- TearDown -->
        <test-method status="PASS" signature="Setup()[pri:0, instance:TestCases.MultipleSearchTest@24fb6a80]" name="Setup" is-config="true" duration-ms="18242" started-at="2019-10-07T14:07:16Z" finished-at="2019-10-07T14:07:35Z">
          <reporter-output>
          </reporter-output>
        </test-method> <!-- Setup -->
        <test-method status="PASS" signature="MultipleSearch(java.lang.String, java.lang.String)[pri:0, instance:TestCases.MultipleSearchTest@24fb6a80]" name="MultipleSearch" duration-ms="16115" started-at="2019-10-07T14:07:35Z" data-provider="GetTestData" finished-at="2019-10-07T14:07:51Z">
          <params>
            <param index="0">
              <value>
                <![CDATA[Hyderabad (HYD)]]>
              </value>
            </param>
            <param index="1">
              <value>
                <![CDATA[Tirupati (TIR)]]>
              </value>
            </param>
          </params>
          <reporter-output>
          </reporter-output>
        </test-method> <!-- MultipleSearch -->
        <test-method status="PASS" signature="TearDown()[pri:0, instance:TestCases.MultipleSearchTest@24fb6a80]" name="TearDown" is-config="true" duration-ms="825" started-at="2019-10-07T14:07:51Z" finished-at="2019-10-07T14:07:51Z">
          <reporter-output>
          </reporter-output>
        </test-method> <!-- TearDown -->
      </class> <!-- TestCases.MultipleSearchTest -->
      <class name="TestCases.HotelSearchTest">
        <test-method status="PASS" signature="Setup()[pri:0, instance:TestCases.HotelSearchTest@7c7d3c46]" name="Setup" is-config="true" duration-ms="20265" started-at="2019-10-07T14:08:12Z" finished-at="2019-10-07T14:08:32Z">
          <reporter-output>
          </reporter-output>
        </test-method> <!-- Setup -->
        <test-method status="FAIL" signature="HotelSearchPageTitleTest()[pri:1, instance:TestCases.HotelSearchTest@7c7d3c46]" name="HotelSearchPageTitleTest" duration-ms="336" started-at="2019-10-07T14:08:32Z" description="TitleTest" finished-at="2019-10-07T14:08:33Z">
          <exception class="java.lang.AssertionError">
            <message>
              <![CDATA[expected [SpiceJet - Flight Booking for Domestic and International, Cheap Air Tickets1] but found [SpiceJet - Flight Booking for Domestic and International, Cheap Air Tickets]]]>
            </message>
            <full-stacktrace>
              <![CDATA[java.lang.AssertionError: expected [SpiceJet - Flight Booking for Domestic and International, Cheap Air Tickets1] but found [SpiceJet - Flight Booking for Domestic and International, Cheap Air Tickets]
at org.testng.Assert.fail(Assert.java:96)
at org.testng.Assert.failNotEquals(Assert.java:776)
at org.testng.Assert.assertEqualsImpl(Assert.java:137)
at org.testng.Assert.assertEquals(Assert.java:118)
at org.testng.Assert.assertEquals(Assert.java:453)
at org.testng.Assert.assertEquals(Assert.java:463)
at TestCases.HotelSearchTest.HotelSearchPageTitleTest(HotelSearchTest.java:37)
at sun.reflect.NativeMethodAccessorImpl.invoke0(Native Method)
at sun.reflect.NativeMethodAccessorImpl.invoke(NativeMethodAccessorImpl.java:62)
at sun.reflect.DelegatingMethodAccessorImpl.invoke(DelegatingMethodAccessorImpl.java:43)
at java.lang.reflect.Method.invoke(Method.java:498)
at org.testng.internal.MethodInvocationHelper.invokeMethod(MethodInvocationHelper.java:124)
at org.testng.internal.Invoker.invokeMethod(Invoker.java:583)
at org.testng.internal.Invoker.invokeTestMethod(Invoker.java:719)
at org.testng.internal.Invoker.invokeTestMethods(Invoker.java:989)
at org.testng.internal.TestMethodWorker.invokeTestMethods(TestMethodWorker.java:125)
at org.testng.internal.TestMethodWorker.run(TestMethodWorker.java:109)
at org.testng.TestRunner.privateRun(TestRunner.java:648)
at org.testng.TestRunner.run(TestRunner.java:505)
at org.testng.SuiteRunner.runTest(SuiteRunner.java:455)
at org.testng.SuiteRunner.runSequentially(SuiteRunner.java:450)
at org.testng.SuiteRunner.privateRun(SuiteRunner.java:415)
at org.testng.SuiteRunner.run(SuiteRunner.java:364)
at org.testng.SuiteRunnerWorker.runSuite(SuiteRunnerWorker.java:52)
at org.testng.SuiteRunnerWorker.run(SuiteRunnerWorker.java:84)
at org.testng.TestNG.runSuitesSequentially(TestNG.java:1208)
at org.testng.TestNG.runSuitesLocally(TestNG.java:1137)
at org.testng.TestNG.runSuites(TestNG.java:1049)
at org.testng.TestNG.run(TestNG.java:1017)
at org.apache.maven.surefire.testng.TestNGExecutor.run(TestNGExecutor.java:283)
at org.apache.maven.surefire.testng.TestNGXmlTestSuite.execute(TestNGXmlTestSuite.java:75)
at org.apache.maven.surefire.testng.TestNGProvider.invoke(TestNGProvider.java:120)
at org.apache.maven.surefire.booter.ForkedBooter.invokeProviderInSameClassLoader(ForkedBooter.java:386)
at org.apache.maven.surefire.booter.ForkedBooter.runSuitesInProcess(ForkedBooter.java:323)
at org.apache.maven.surefire.booter.ForkedBooter.main(ForkedBooter.java:143)
]]>
            </full-stacktrace>
          </exception> <!-- java.lang.AssertionError -->
          <reporter-output>
          </reporter-output>
        </test-method> <!-- HotelSearchPageTitleTest -->
        <test-method status="PASS" signature="TearDown()[pri:0, instance:TestCases.HotelSearchTest@7c7d3c46]" name="TearDown" is-config="true" duration-ms="783" started-at="2019-10-07T14:08:34Z" finished-at="2019-10-07T14:08:34Z">
          <reporter-output>
          </reporter-output>
        </test-method> <!-- TearDown -->
        <test-method status="PASS" signature="Setup()[pri:0, instance:TestCases.HotelSearchTest@7c7d3c46]" name="Setup" is-config="true" duration-ms="17226" started-at="2019-10-07T14:08:56Z" finished-at="2019-10-07T14:09:13Z">
          <reporter-output>
          </reporter-output>
        </test-method> <!-- Setup -->
        <test-method status="PASS" signature="HotelSearchcheck()[pri:2, instance:TestCases.HotelSearchTest@7c7d3c46]" name="HotelSearchcheck" duration-ms="4368" started-at="2019-10-07T14:09:13Z" description="HotelSearchTest" finished-at="2019-10-07T14:09:18Z">
          <reporter-output>
          </reporter-output>
        </test-method> <!-- HotelSearchcheck -->
        <test-method status="PASS" signature="TearDown()[pri:0, instance:TestCases.HotelSearchTest@7c7d3c46]" name="TearDown" is-config="true" duration-ms="788" started-at="2019-10-07T14:09:18Z" finished-at="2019-10-07T14:09:18Z">
          <reporter-output>
          </reporter-output>
        </test-method> <!-- TearDown -->
      </class> <!-- TestCases.HotelSearchTest -->
      <class name="TestCases.SearchPageTest">
        <test-method status="PASS" signature="Setup()[pri:0, instance:TestCases.SearchPageTest@18245eb0]" name="Setup" is-config="true" duration-ms="18859" started-at="2019-10-07T14:07:51Z" finished-at="2019-10-07T14:08:10Z">
          <reporter-output>
          </reporter-output>
        </test-method> <!-- Setup -->
        <test-method status="FAIL" signature="SearchPageTitleTest()[pri:1, instance:TestCases.SearchPageTest@18245eb0]" name="SearchPageTitleTest" duration-ms="35" started-at="2019-10-07T14:08:10Z" description="TitleTest" finished-at="2019-10-07T14:08:10Z">
          <exception class="java.lang.AssertionError">
            <message>
              <![CDATA[expected [SpiceJet - Flight Booking for Domestic and International, Cheap Air Tickets1] but found [SpiceJet - Flight Booking for Domestic and International, Cheap Air Tickets]]]>
            </message>
            <full-stacktrace>
              <![CDATA[java.lang.AssertionError: expected [SpiceJet - Flight Booking for Domestic and International, Cheap Air Tickets1] but found [SpiceJet - Flight Booking for Domestic and International, Cheap Air Tickets]
at org.testng.Assert.fail(Assert.java:96)
at org.testng.Assert.failNotEquals(Assert.java:776)
at org.testng.Assert.assertEqualsImpl(Assert.java:137)
at org.testng.Assert.assertEquals(Assert.java:118)
at org.testng.Assert.assertEquals(Assert.java:453)
at org.testng.Assert.assertEquals(Assert.java:463)
at TestCases.SearchPageTest.SearchPageTitleTest(SearchPageTest.java:39)
at sun.reflect.NativeMethodAccessorImpl.invoke0(Native Method)
at sun.reflect.NativeMethodAccessorImpl.invoke(NativeMethodAccessorImpl.java:62)
at sun.reflect.DelegatingMethodAccessorImpl.invoke(DelegatingMethodAccessorImpl.java:43)
at java.lang.reflect.Method.invoke(Method.java:498)
at org.testng.internal.MethodInvocationHelper.invokeMethod(MethodInvocationHelper.java:124)
at org.testng.internal.Invoker.invokeMethod(Invoker.java:583)
at org.testng.internal.Invoker.invokeTestMethod(Invoker.java:719)
at org.testng.internal.Invoker.invokeTestMethods(Invoker.java:989)
at org.testng.internal.TestMethodWorker.invokeTestMethods(TestMethodWorker.java:125)
at org.testng.internal.TestMethodWorker.run(TestMethodWorker.java:109)
at org.testng.TestRunner.privateRun(TestRunner.java:648)
at org.testng.TestRunner.run(TestRunner.java:505)
at org.testng.SuiteRunner.runTest(SuiteRunner.java:455)
at org.testng.SuiteRunner.runSequentially(SuiteRunner.java:450)
at org.testng.SuiteRunner.privateRun(SuiteRunner.java:415)
at org.testng.SuiteRunner.run(SuiteRunner.java:364)
at org.testng.SuiteRunnerWorker.runSuite(SuiteRunnerWorker.java:52)
at org.testng.SuiteRunnerWorker.run(SuiteRunnerWorker.java:84)
at org.testng.TestNG.runSuitesSequentially(TestNG.java:1208)
at org.testng.TestNG.runSuitesLocally(TestNG.java:1137)
at org.testng.TestNG.runSuites(TestNG.java:1049)
at org.testng.TestNG.run(TestNG.java:1017)
at org.apache.maven.surefire.testng.TestNGExecutor.run(TestNGExecutor.java:283)
at org.apache.maven.surefire.testng.TestNGXmlTestSuite.execute(TestNGXmlTestSuite.java:75)
at org.apache.maven.surefire.testng.TestNGProvider.invoke(TestNGProvider.java:120)
at org.apache.maven.surefire.booter.ForkedBooter.invokeProviderInSameClassLoader(ForkedBooter.java:386)
at org.apache.maven.surefire.booter.ForkedBooter.runSuitesInProcess(ForkedBooter.java:323)
at org.apache.maven.surefire.booter.ForkedBooter.main(ForkedBooter.java:143)
]]>
            </full-stacktrace>
          </exception> <!-- java.lang.AssertionError -->
          <reporter-output>
          </reporter-output>
        </test-method> <!-- SearchPageTitleTest -->
        <test-method status="PASS" signature="TearDown()[pri:0, instance:TestCases.SearchPageTest@18245eb0]" name="TearDown" is-config="true" duration-ms="807" started-at="2019-10-07T14:08:11Z" finished-at="2019-10-07T14:08:12Z">
          <reporter-output>
          </reporter-output>
        </test-method> <!-- TearDown -->
        <test-method status="PASS" signature="Setup()[pri:0, instance:TestCases.SearchPageTest@18245eb0]" name="Setup" is-config="true" duration-ms="20584" started-at="2019-10-07T14:08:34Z" finished-at="2019-10-07T14:08:55Z">
          <reporter-output>
          </reporter-output>
        </test-method> <!-- Setup -->
        <test-method status="PASS" signature="FlightSearchLogTest()[pri:2, instance:TestCases.SearchPageTest@18245eb0]" name="FlightSearchLogTest" duration-ms="155" started-at="2019-10-07T14:08:55Z" description="LogoTest" finished-at="2019-10-07T14:08:55Z">
          <reporter-output>
          </reporter-output>
        </test-method> <!-- FlightSearchLogTest -->
        <test-method status="PASS" signature="TearDown()[pri:0, instance:TestCases.SearchPageTest@18245eb0]" name="TearDown" is-config="true" duration-ms="895" started-at="2019-10-07T14:08:55Z" finished-at="2019-10-07T14:08:56Z">
          <reporter-output>
          </reporter-output>
        </test-method> <!-- TearDown -->
        <test-method status="PASS" signature="Setup()[pri:0, instance:TestCases.SearchPageTest@18245eb0]" name="Setup" is-config="true" duration-ms="18135" started-at="2019-10-07T14:09:18Z" finished-at="2019-10-07T14:09:37Z">
          <reporter-output>
          </reporter-output>
        </test-method> <!-- Setup -->
        <test-method status="PASS" signature="OnewaySearchTest()[pri:3, instance:TestCases.SearchPageTest@18245eb0]" name="OnewaySearchTest" duration-ms="15550" started-at="2019-10-07T14:09:37Z" description="OnewaySearch Test" finished-at="2019-10-07T14:09:52Z">
          <reporter-output>
          </reporter-output>
        </test-method> <!-- OnewaySearchTest -->
        <test-method status="PASS" signature="TearDown()[pri:0, instance:TestCases.SearchPageTest@18245eb0]" name="TearDown" is-config="true" duration-ms="823" started-at="2019-10-07T14:09:52Z" finished-at="2019-10-07T14:09:53Z">
          <reporter-output>
          </reporter-output>
        </test-method> <!-- TearDown -->
      </class> <!-- TestCases.SearchPageTest -->
    </test> <!-- Test -->
  </suite> <!-- Suite -->
</testng-results>
