<?xml version="1.0" encoding="UTF-8"?>
<testsuite xmlns:xsi="http://www.w3.org/2001/XMLSchema-instance" xsi:noNamespaceSchemaLocation="https://maven.apache.org/surefire/maven-surefire-plugin/xsd/surefire-test-report.xsd" name="TestSuite" time="11.49" tests="24" errors="0" skipped="21" failures="3">
  <properties>
[...]
</properties>
  <testcase name="Setup" classname="TestCases.MultipleSearchTest" time="7.781">
    <failure message="session not created: This version of ChromeDriver only supports Chrome version 76&#10;Build info: version: &apos;3.14.0&apos;, revision: &apos;aacccce0&apos;, time: &apos;2018-08-02T20:19:58.91Z&apos;&#10;System info: host: &apos;DESKTOP-6NI868R&apos;, ip: &apos;192.168.8.103&apos;, os.name: &apos;Windows 10&apos;, os.arch: &apos;amd64&apos;, os.version: &apos;10.0&apos;, java.version: &apos;11.0.4&apos;&#10;Driver info: driver.version: ChromeDriver&#10;remote stacktrace: Backtrace:&#10;	Ordinal0 [0x00597C93+1473683]&#10;	Ordinal0 [0x0051ADB1+961969]&#10;	Ordinal0 [0x004A42E3+475875]&#10;	Ordinal0 [0x0043F365+62309]&#10;	Ordinal0 [0x0043BC77+48247]&#10;	Ordinal0 [0x00459149+168265]&#10;	Ordinal0 [0x00458D1D+167197]&#10;	Ordinal0 [0x0045742B+160811]&#10;	Ordinal0 [0x00440AE6+68326]&#10;	Ordinal0 [0x00441BF0+72688]&#10;	Ordinal0 [0x00441B89+72585]&#10;	Ordinal0 [0x00534B77+1067895]&#10;	GetHandleVerifier [0x00636875+506677]&#10;	GetHandleVerifier [0x00636610+506064]&#10;	GetHandleVerifier [0x0063D1B8+533624]&#10;	GetHandleVerifier [0x0063704A+508682]&#10;	Ordinal0 [0x0052C266+1032806]&#10;	Ordinal0 [0x0052C0DF+1032415]&#10;	Ordinal0 [0x00536A8B+1075851]&#10;	Ordinal0 [0x00536BF3+1076211]&#10;	Ordinal0 [0x00535BA5+1072037]&#10;	BaseThreadInitThunk [0x76C56359+25]&#10;	RtlGetAppContainerNamedObjectPath [0x77EC7B74+228]&#10;	RtlGetAppContainerNamedObjectPath [0x77EC7B44+180]&#10;" type="org.openqa.selenium.SessionNotCreatedException">org.openqa.selenium.SessionNotCreatedException: 
session not created: This version of ChromeDriver only supports Chrome version 76
Build info: version: '3.14.0', revision: 'aacccce0', time: '2018-08-02T20:19:58.91Z'
System info: host: 'DESKTOP-6NI868R', ip: '192.168.8.103', os.name: 'Windows 10', os.arch: 'amd64', os.version: '10.0', java.version: '11.0.4'
Driver info: driver.version: ChromeDriver
remote stacktrace: Backtrace:
	Ordinal0 [0x00597C93+1473683]
	Ordinal0 [0x0051ADB1+961969]
	Ordinal0 [0x004A42E3+475875]
	Ordinal0 [0x0043F365+62309]
	Ordinal0 [0x0043BC77+48247]
	Ordinal0 [0x00459149+168265]
	Ordinal0 [0x00458D1D+167197]
	Ordinal0 [0x0045742B+160811]
	Ordinal0 [0x00440AE6+68326]
	Ordinal0 [0x00441BF0+72688]
	Ordinal0 [0x00441B89+72585]
	Ordinal0 [0x00534B77+1067895]
	GetHandleVerifier [0x00636875+506677]
	GetHandleVerifier [0x00636610+506064]
	GetHandleVerifier [0x0063D1B8+533624]
	GetHandleVerifier [0x0063704A+508682]
	Ordinal0 [0x0052C266+1032806]
	Ordinal0 [0x0052C0DF+1032415]
	Ordinal0 [0x00536A8B+1075851]
	Ordinal0 [0x00536BF3+1076211]
	Ordinal0 [0x00535BA5+1072037]
	BaseThreadInitThunk [0x76C56359+25]
	RtlGetAppContainerNamedObjectPath [0x77EC7B74+228]
	RtlGetAppContainerNamedObjectPath [0x77EC7B44+180]

	at TestCases.MultipleSearchTest.Setup(MultipleSearchTest.java:31)
</failure>
    <system-out><![CDATA[I am in onStart method Test
Number of rows are : 4
]]></system-out>
    <system-err><![CDATA[SLF4J: Failed to load class "org.slf4j.impl.StaticLoggerBinder".
SLF4J: Defaulting to no-operation (NOP) logger implementation
SLF4J: See http://www.slf4j.org/codes.html#StaticLoggerBinder for further details.
Starting ChromeDriver 76.0.3809.68 (420c9498db8ce8fcd190a954d51297672c1515d5-refs/branch-heads/3809@{#864}) on port 31345
Only local connections are allowed.
Please protect ports used by ChromeDriver and related test frameworks to prevent access by malicious code.
]]></system-err>
  </testcase>
  <testcase name="Setup" classname="TestCases.MultipleSearchTest" time="0">
    <skipped/>
  </testcase>
  <testcase name="Setup" classname="TestCases.MultipleSearchTest" time="0">
    <skipped/>
  </testcase>
  <testcase name="MultipleSearch" classname="TestCases.MultipleSearchTest" time="0">
    <skipped message="session not created: This version of ChromeDriver only supports Chrome version 76&#10;Build info: version: &apos;3.14.0&apos;, revision: &apos;aacccce0&apos;, time: &apos;2018-08-02T20:19:58.91Z&apos;&#10;System info: host: &apos;DESKTOP-6NI868R&apos;, ip: &apos;192.168.8.103&apos;, os.name: &apos;Windows 10&apos;, os.arch: &apos;amd64&apos;, os.version: &apos;10.0&apos;, java.version: &apos;11.0.4&apos;&#10;Driver info: driver.version: ChromeDriver&#10;remote stacktrace: Backtrace:&#10;	Ordinal0 [0x00597C93+1473683]&#10;	Ordinal0 [0x0051ADB1+961969]&#10;	Ordinal0 [0x004A42E3+475875]&#10;	Ordinal0 [0x0043F365+62309]&#10;	Ordinal0 [0x0043BC77+48247]&#10;	Ordinal0 [0x00459149+168265]&#10;	Ordinal0 [0x00458D1D+167197]&#10;	Ordinal0 [0x0045742B+160811]&#10;	Ordinal0 [0x00440AE6+68326]&#10;	Ordinal0 [0x00441BF0+72688]&#10;	Ordinal0 [0x00441B89+72585]&#10;	Ordinal0 [0x00534B77+1067895]&#10;	GetHandleVerifier [0x00636875+506677]&#10;	GetHandleVerifier [0x00636610+506064]&#10;	GetHandleVerifier [0x0063D1B8+533624]&#10;	GetHandleVerifier [0x0063704A+508682]&#10;	Ordinal0 [0x0052C266+1032806]&#10;	Ordinal0 [0x0052C0DF+1032415]&#10;	Ordinal0 [0x00536A8B+1075851]&#10;	Ordinal0 [0x00536BF3+1076211]&#10;	Ordinal0 [0x00535BA5+1072037]&#10;	BaseThreadInitThunk [0x76C56359+25]&#10;	RtlGetAppContainerNamedObjectPath [0x77EC7B74+228]&#10;	RtlGetAppContainerNamedObjectPath [0x77EC7B44+180]&#10;"/>
    <system-out><![CDATA[I am in onTestSkipped method MultipleSearch skipped
]]></system-out>
  </testcase>
  <testcase name="MultipleSearch" classname="TestCases.MultipleSearchTest" time="0">
    <skipped message="session not created: This version of ChromeDriver only supports Chrome version 76&#10;Build info: version: &apos;3.14.0&apos;, revision: &apos;aacccce0&apos;, time: &apos;2018-08-02T20:19:58.91Z&apos;&#10;System info: host: &apos;DESKTOP-6NI868R&apos;, ip: &apos;192.168.8.103&apos;, os.name: &apos;Windows 10&apos;, os.arch: &apos;amd64&apos;, os.version: &apos;10.0&apos;, java.version: &apos;11.0.4&apos;&#10;Driver info: driver.version: ChromeDriver&#10;remote stacktrace: Backtrace:&#10;	Ordinal0 [0x00597C93+1473683]&#10;	Ordinal0 [0x0051ADB1+961969]&#10;	Ordinal0 [0x004A42E3+475875]&#10;	Ordinal0 [0x0043F365+62309]&#10;	Ordinal0 [0x0043BC77+48247]&#10;	Ordinal0 [0x00459149+168265]&#10;	Ordinal0 [0x00458D1D+167197]&#10;	Ordinal0 [0x0045742B+160811]&#10;	Ordinal0 [0x00440AE6+68326]&#10;	Ordinal0 [0x00441BF0+72688]&#10;	Ordinal0 [0x00441B89+72585]&#10;	Ordinal0 [0x00534B77+1067895]&#10;	GetHandleVerifier [0x00636875+506677]&#10;	GetHandleVerifier [0x00636610+506064]&#10;	GetHandleVerifier [0x0063D1B8+533624]&#10;	GetHandleVerifier [0x0063704A+508682]&#10;	Ordinal0 [0x0052C266+1032806]&#10;	Ordinal0 [0x0052C0DF+1032415]&#10;	Ordinal0 [0x00536A8B+1075851]&#10;	Ordinal0 [0x00536BF3+1076211]&#10;	Ordinal0 [0x00535BA5+1072037]&#10;	BaseThreadInitThunk [0x76C56359+25]&#10;	RtlGetAppContainerNamedObjectPath [0x77EC7B74+228]&#10;	RtlGetAppContainerNamedObjectPath [0x77EC7B44+180]&#10;"/>
    <system-out><![CDATA[I am in onTestSkipped method MultipleSearch skipped
]]></system-out>
  </testcase>
  <testcase name="MultipleSearch" classname="TestCases.MultipleSearchTest" time="0">
    <skipped message="session not created: This version of ChromeDriver only supports Chrome version 76&#10;Build info: version: &apos;3.14.0&apos;, revision: &apos;aacccce0&apos;, time: &apos;2018-08-02T20:19:58.91Z&apos;&#10;System info: host: &apos;DESKTOP-6NI868R&apos;, ip: &apos;192.168.8.103&apos;, os.name: &apos;Windows 10&apos;, os.arch: &apos;amd64&apos;, os.version: &apos;10.0&apos;, java.version: &apos;11.0.4&apos;&#10;Driver info: driver.version: ChromeDriver&#10;remote stacktrace: Backtrace:&#10;	Ordinal0 [0x00597C93+1473683]&#10;	Ordinal0 [0x0051ADB1+961969]&#10;	Ordinal0 [0x004A42E3+475875]&#10;	Ordinal0 [0x0043F365+62309]&#10;	Ordinal0 [0x0043BC77+48247]&#10;	Ordinal0 [0x00459149+168265]&#10;	Ordinal0 [0x00458D1D+167197]&#10;	Ordinal0 [0x0045742B+160811]&#10;	Ordinal0 [0x00440AE6+68326]&#10;	Ordinal0 [0x00441BF0+72688]&#10;	Ordinal0 [0x00441B89+72585]&#10;	Ordinal0 [0x00534B77+1067895]&#10;	GetHandleVerifier [0x00636875+506677]&#10;	GetHandleVerifier [0x00636610+506064]&#10;	GetHandleVerifier [0x0063D1B8+533624]&#10;	GetHandleVerifier [0x0063704A+508682]&#10;	Ordinal0 [0x0052C266+1032806]&#10;	Ordinal0 [0x0052C0DF+1032415]&#10;	Ordinal0 [0x00536A8B+1075851]&#10;	Ordinal0 [0x00536BF3+1076211]&#10;	Ordinal0 [0x00535BA5+1072037]&#10;	BaseThreadInitThunk [0x76C56359+25]&#10;	RtlGetAppContainerNamedObjectPath [0x77EC7B74+228]&#10;	RtlGetAppContainerNamedObjectPath [0x77EC7B44+180]&#10;"/>
    <system-out><![CDATA[I am in onTestSkipped method MultipleSearch skipped
]]></system-out>
  </testcase>
  <testcase name="TearDown" classname="TestCases.MultipleSearchTest" time="0">
    <skipped/>
  </testcase>
  <testcase name="TearDown" classname="TestCases.MultipleSearchTest" time="0">
    <skipped/>
  </testcase>
  <testcase name="TearDown" classname="TestCases.MultipleSearchTest" time="0">
    <skipped/>
  </testcase>
  <testcase name="Setup" classname="TestCases.SearchPageTest" time="9.552">
    <failure message="session not created: This version of ChromeDriver only supports Chrome version 76&#10;Build info: version: &apos;3.14.0&apos;, revision: &apos;aacccce0&apos;, time: &apos;2018-08-02T20:19:58.91Z&apos;&#10;System info: host: &apos;DESKTOP-6NI868R&apos;, ip: &apos;192.168.8.103&apos;, os.name: &apos;Windows 10&apos;, os.arch: &apos;amd64&apos;, os.version: &apos;10.0&apos;, java.version: &apos;11.0.4&apos;&#10;Driver info: driver.version: ChromeDriver&#10;remote stacktrace: Backtrace:&#10;	Ordinal0 [0x00597C93+1473683]&#10;	Ordinal0 [0x0051ADB1+961969]&#10;	Ordinal0 [0x004A42E3+475875]&#10;	Ordinal0 [0x0043F365+62309]&#10;	Ordinal0 [0x0043BC77+48247]&#10;	Ordinal0 [0x00459149+168265]&#10;	Ordinal0 [0x00458D1D+167197]&#10;	Ordinal0 [0x0045742B+160811]&#10;	Ordinal0 [0x00440AE6+68326]&#10;	Ordinal0 [0x00441BF0+72688]&#10;	Ordinal0 [0x00441B89+72585]&#10;	Ordinal0 [0x00534B77+1067895]&#10;	GetHandleVerifier [0x00636875+506677]&#10;	GetHandleVerifier [0x00636610+506064]&#10;	GetHandleVerifier [0x0063D1B8+533624]&#10;	GetHandleVerifier [0x0063704A+508682]&#10;	Ordinal0 [0x0052C266+1032806]&#10;	Ordinal0 [0x0052C0DF+1032415]&#10;	Ordinal0 [0x00536A8B+1075851]&#10;	Ordinal0 [0x00536BF3+1076211]&#10;	Ordinal0 [0x00535BA5+1072037]&#10;	BaseThreadInitThunk [0x76C56359+25]&#10;	RtlGetAppContainerNamedObjectPath [0x77EC7B74+228]&#10;	RtlGetAppContainerNamedObjectPath [0x77EC7B44+180]&#10;" type="org.openqa.selenium.SessionNotCreatedException">org.openqa.selenium.SessionNotCreatedException: 
session not created: This version of ChromeDriver only supports Chrome version 76
Build info: version: '3.14.0', revision: 'aacccce0', time: '2018-08-02T20:19:58.91Z'
System info: host: 'DESKTOP-6NI868R', ip: '192.168.8.103', os.name: 'Windows 10', os.arch: 'amd64', os.version: '10.0', java.version: '11.0.4'
Driver info: driver.version: ChromeDriver
remote stacktrace: Backtrace:
	Ordinal0 [0x00597C93+1473683]
	Ordinal0 [0x0051ADB1+961969]
	Ordinal0 [0x004A42E3+475875]
	Ordinal0 [0x0043F365+62309]
	Ordinal0 [0x0043BC77+48247]
	Ordinal0 [0x00459149+168265]
	Ordinal0 [0x00458D1D+167197]
	Ordinal0 [0x0045742B+160811]
	Ordinal0 [0x00440AE6+68326]
	Ordinal0 [0x00441BF0+72688]
	Ordinal0 [0x00441B89+72585]
	Ordinal0 [0x00534B77+1067895]
	GetHandleVerifier [0x00636875+506677]
	GetHandleVerifier [0x00636610+506064]
	GetHandleVerifier [0x0063D1B8+533624]
	GetHandleVerifier [0x0063704A+508682]
	Ordinal0 [0x0052C266+1032806]
	Ordinal0 [0x0052C0DF+1032415]
	Ordinal0 [0x00536A8B+1075851]
	Ordinal0 [0x00536BF3+1076211]
	Ordinal0 [0x00535BA5+1072037]
	BaseThreadInitThunk [0x76C56359+25]
	RtlGetAppContainerNamedObjectPath [0x77EC7B74+228]
	RtlGetAppContainerNamedObjectPath [0x77EC7B44+180]

	at TestCases.SearchPageTest.Setup(SearchPageTest.java:28)
</failure>
    <system-err><![CDATA[Starting ChromeDriver 76.0.3809.68 (420c9498db8ce8fcd190a954d51297672c1515d5-refs/branch-heads/3809@{#864}) on port 10950
Only local connections are allowed.
Please protect ports used by ChromeDriver and related test frameworks to prevent access by malicious code.
]]></system-err>
  </testcase>
  <testcase name="Setup" classname="TestCases.SearchPageTest" time="0">
    <skipped/>
  </testcase>
  <testcase name="Setup" classname="TestCases.SearchPageTest" time="0">
    <skipped/>
  </testcase>
  <testcase name="SearchPageTitleTest" classname="TestCases.SearchPageTest" time="0">
    <skipped message="session not created: This version of ChromeDriver only supports Chrome version 76&#10;Build info: version: &apos;3.14.0&apos;, revision: &apos;aacccce0&apos;, time: &apos;2018-08-02T20:19:58.91Z&apos;&#10;System info: host: &apos;DESKTOP-6NI868R&apos;, ip: &apos;192.168.8.103&apos;, os.name: &apos;Windows 10&apos;, os.arch: &apos;amd64&apos;, os.version: &apos;10.0&apos;, java.version: &apos;11.0.4&apos;&#10;Driver info: driver.version: ChromeDriver&#10;remote stacktrace: Backtrace:&#10;	Ordinal0 [0x00597C93+1473683]&#10;	Ordinal0 [0x0051ADB1+961969]&#10;	Ordinal0 [0x004A42E3+475875]&#10;	Ordinal0 [0x0043F365+62309]&#10;	Ordinal0 [0x0043BC77+48247]&#10;	Ordinal0 [0x00459149+168265]&#10;	Ordinal0 [0x00458D1D+167197]&#10;	Ordinal0 [0x0045742B+160811]&#10;	Ordinal0 [0x00440AE6+68326]&#10;	Ordinal0 [0x00441BF0+72688]&#10;	Ordinal0 [0x00441B89+72585]&#10;	Ordinal0 [0x00534B77+1067895]&#10;	GetHandleVerifier [0x00636875+506677]&#10;	GetHandleVerifier [0x00636610+506064]&#10;	GetHandleVerifier [0x0063D1B8+533624]&#10;	GetHandleVerifier [0x0063704A+508682]&#10;	Ordinal0 [0x0052C266+1032806]&#10;	Ordinal0 [0x0052C0DF+1032415]&#10;	Ordinal0 [0x00536A8B+1075851]&#10;	Ordinal0 [0x00536BF3+1076211]&#10;	Ordinal0 [0x00535BA5+1072037]&#10;	BaseThreadInitThunk [0x76C56359+25]&#10;	RtlGetAppContainerNamedObjectPath [0x77EC7B74+228]&#10;	RtlGetAppContainerNamedObjectPath [0x77EC7B44+180]&#10;"/>
    <system-out><![CDATA[I am in onTestSkipped method SearchPageTitleTest skipped
]]></system-out>
  </testcase>
  <testcase name="TearDown" classname="TestCases.SearchPageTest" time="0">
    <skipped/>
  </testcase>
  <testcase name="TearDown" classname="TestCases.SearchPageTest" time="0">
    <skipped/>
  </testcase>
  <testcase name="TearDown" classname="TestCases.SearchPageTest" time="0">
    <skipped/>
  </testcase>
  <testcase name="Setup" classname="TestCases.HotelSearchTest" time="10.999">
    <failure message="session not created: This version of ChromeDriver only supports Chrome version 76&#10;Build info: version: &apos;3.14.0&apos;, revision: &apos;aacccce0&apos;, time: &apos;2018-08-02T20:19:58.91Z&apos;&#10;System info: host: &apos;DESKTOP-6NI868R&apos;, ip: &apos;192.168.8.103&apos;, os.name: &apos;Windows 10&apos;, os.arch: &apos;amd64&apos;, os.version: &apos;10.0&apos;, java.version: &apos;11.0.4&apos;&#10;Driver info: driver.version: ChromeDriver&#10;remote stacktrace: Backtrace:&#10;	Ordinal0 [0x00597C93+1473683]&#10;	Ordinal0 [0x0051ADB1+961969]&#10;	Ordinal0 [0x004A42E3+475875]&#10;	Ordinal0 [0x0043F365+62309]&#10;	Ordinal0 [0x0043BC77+48247]&#10;	Ordinal0 [0x00459149+168265]&#10;	Ordinal0 [0x00458D1D+167197]&#10;	Ordinal0 [0x0045742B+160811]&#10;	Ordinal0 [0x00440AE6+68326]&#10;	Ordinal0 [0x00441BF0+72688]&#10;	Ordinal0 [0x00441B89+72585]&#10;	Ordinal0 [0x00534B77+1067895]&#10;	GetHandleVerifier [0x00636875+506677]&#10;	GetHandleVerifier [0x00636610+506064]&#10;	GetHandleVerifier [0x0063D1B8+533624]&#10;	GetHandleVerifier [0x0063704A+508682]&#10;	Ordinal0 [0x0052C266+1032806]&#10;	Ordinal0 [0x0052C0DF+1032415]&#10;	Ordinal0 [0x00536A8B+1075851]&#10;	Ordinal0 [0x00536BF3+1076211]&#10;	Ordinal0 [0x00535BA5+1072037]&#10;	BaseThreadInitThunk [0x76C56359+25]&#10;	RtlGetAppContainerNamedObjectPath [0x77EC7B74+228]&#10;	RtlGetAppContainerNamedObjectPath [0x77EC7B44+180]&#10;" type="org.openqa.selenium.SessionNotCreatedException">org.openqa.selenium.SessionNotCreatedException: 
session not created: This version of ChromeDriver only supports Chrome version 76
Build info: version: '3.14.0', revision: 'aacccce0', time: '2018-08-02T20:19:58.91Z'
System info: host: 'DESKTOP-6NI868R', ip: '192.168.8.103', os.name: 'Windows 10', os.arch: 'amd64', os.version: '10.0', java.version: '11.0.4'
Driver info: driver.version: ChromeDriver
remote stacktrace: Backtrace:
	Ordinal0 [0x00597C93+1473683]
	Ordinal0 [0x0051ADB1+961969]
	Ordinal0 [0x004A42E3+475875]
	Ordinal0 [0x0043F365+62309]
	Ordinal0 [0x0043BC77+48247]
	Ordinal0 [0x00459149+168265]
	Ordinal0 [0x00458D1D+167197]
	Ordinal0 [0x0045742B+160811]
	Ordinal0 [0x00440AE6+68326]
	Ordinal0 [0x00441BF0+72688]
	Ordinal0 [0x00441B89+72585]
	Ordinal0 [0x00534B77+1067895]
	GetHandleVerifier [0x00636875+506677]
	GetHandleVerifier [0x00636610+506064]
	GetHandleVerifier [0x0063D1B8+533624]
	GetHandleVerifier [0x0063704A+508682]
	Ordinal0 [0x0052C266+1032806]
	Ordinal0 [0x0052C0DF+1032415]
	Ordinal0 [0x00536A8B+1075851]
	Ordinal0 [0x00536BF3+1076211]
	Ordinal0 [0x00535BA5+1072037]
	BaseThreadInitThunk [0x76C56359+25]
	RtlGetAppContainerNamedObjectPath [0x77EC7B74+228]
	RtlGetAppContainerNamedObjectPath [0x77EC7B44+180]

	at TestCases.HotelSearchTest.Setup(HotelSearchTest.java:26)
</failure>
    <system-err><![CDATA[Starting ChromeDriver 76.0.3809.68 (420c9498db8ce8fcd190a954d51297672c1515d5-refs/branch-heads/3809@{#864}) on port 31992
Only local connections are allowed.
Please protect ports used by ChromeDriver and related test frameworks to prevent access by malicious code.
]]></system-err>
  </testcase>
  <testcase name="Setup" classname="TestCases.HotelSearchTest" time="0">
    <skipped/>
  </testcase>
  <testcase name="HotelSearchPageTitleTest" classname="TestCases.HotelSearchTest" time="0">
    <skipped message="session not created: This version of ChromeDriver only supports Chrome version 76&#10;Build info: version: &apos;3.14.0&apos;, revision: &apos;aacccce0&apos;, time: &apos;2018-08-02T20:19:58.91Z&apos;&#10;System info: host: &apos;DESKTOP-6NI868R&apos;, ip: &apos;192.168.8.103&apos;, os.name: &apos;Windows 10&apos;, os.arch: &apos;amd64&apos;, os.version: &apos;10.0&apos;, java.version: &apos;11.0.4&apos;&#10;Driver info: driver.version: ChromeDriver&#10;remote stacktrace: Backtrace:&#10;	Ordinal0 [0x00597C93+1473683]&#10;	Ordinal0 [0x0051ADB1+961969]&#10;	Ordinal0 [0x004A42E3+475875]&#10;	Ordinal0 [0x0043F365+62309]&#10;	Ordinal0 [0x0043BC77+48247]&#10;	Ordinal0 [0x00459149+168265]&#10;	Ordinal0 [0x00458D1D+167197]&#10;	Ordinal0 [0x0045742B+160811]&#10;	Ordinal0 [0x00440AE6+68326]&#10;	Ordinal0 [0x00441BF0+72688]&#10;	Ordinal0 [0x00441B89+72585]&#10;	Ordinal0 [0x00534B77+1067895]&#10;	GetHandleVerifier [0x00636875+506677]&#10;	GetHandleVerifier [0x00636610+506064]&#10;	GetHandleVerifier [0x0063D1B8+533624]&#10;	GetHandleVerifier [0x0063704A+508682]&#10;	Ordinal0 [0x0052C266+1032806]&#10;	Ordinal0 [0x0052C0DF+1032415]&#10;	Ordinal0 [0x00536A8B+1075851]&#10;	Ordinal0 [0x00536BF3+1076211]&#10;	Ordinal0 [0x00535BA5+1072037]&#10;	BaseThreadInitThunk [0x76C56359+25]&#10;	RtlGetAppContainerNamedObjectPath [0x77EC7B74+228]&#10;	RtlGetAppContainerNamedObjectPath [0x77EC7B44+180]&#10;"/>
    <system-out><![CDATA[I am in onTestSkipped method HotelSearchPageTitleTest skipped
]]></system-out>
  </testcase>
  <testcase name="TearDown" classname="TestCases.HotelSearchTest" time="0">
    <skipped/>
  </testcase>
  <testcase name="TearDown" classname="TestCases.HotelSearchTest" time="0">
    <skipped/>
  </testcase>
  <testcase name="FlightSearchLogTest" classname="TestCases.SearchPageTest" time="0">
    <skipped message="session not created: This version of ChromeDriver only supports Chrome version 76&#10;Build info: version: &apos;3.14.0&apos;, revision: &apos;aacccce0&apos;, time: &apos;2018-08-02T20:19:58.91Z&apos;&#10;System info: host: &apos;DESKTOP-6NI868R&apos;, ip: &apos;192.168.8.103&apos;, os.name: &apos;Windows 10&apos;, os.arch: &apos;amd64&apos;, os.version: &apos;10.0&apos;, java.version: &apos;11.0.4&apos;&#10;Driver info: driver.version: ChromeDriver&#10;remote stacktrace: Backtrace:&#10;	Ordinal0 [0x00597C93+1473683]&#10;	Ordinal0 [0x0051ADB1+961969]&#10;	Ordinal0 [0x004A42E3+475875]&#10;	Ordinal0 [0x0043F365+62309]&#10;	Ordinal0 [0x0043BC77+48247]&#10;	Ordinal0 [0x00459149+168265]&#10;	Ordinal0 [0x00458D1D+167197]&#10;	Ordinal0 [0x0045742B+160811]&#10;	Ordinal0 [0x00440AE6+68326]&#10;	Ordinal0 [0x00441BF0+72688]&#10;	Ordinal0 [0x00441B89+72585]&#10;	Ordinal0 [0x00534B77+1067895]&#10;	GetHandleVerifier [0x00636875+506677]&#10;	GetHandleVerifier [0x00636610+506064]&#10;	GetHandleVerifier [0x0063D1B8+533624]&#10;	GetHandleVerifier [0x0063704A+508682]&#10;	Ordinal0 [0x0052C266+1032806]&#10;	Ordinal0 [0x0052C0DF+1032415]&#10;	Ordinal0 [0x00536A8B+1075851]&#10;	Ordinal0 [0x00536BF3+1076211]&#10;	Ordinal0 [0x00535BA5+1072037]&#10;	BaseThreadInitThunk [0x76C56359+25]&#10;	RtlGetAppContainerNamedObjectPath [0x77EC7B74+228]&#10;	RtlGetAppContainerNamedObjectPath [0x77EC7B44+180]&#10;"/>
    <system-out><![CDATA[I am in onTestSkipped method FlightSearchLogTest skipped
]]></system-out>
  </testcase>
  <testcase name="HotelSearchcheck" classname="TestCases.HotelSearchTest" time="0">
    <skipped message="session not created: This version of ChromeDriver only supports Chrome version 76&#10;Build info: version: &apos;3.14.0&apos;, revision: &apos;aacccce0&apos;, time: &apos;2018-08-02T20:19:58.91Z&apos;&#10;System info: host: &apos;DESKTOP-6NI868R&apos;, ip: &apos;192.168.8.103&apos;, os.name: &apos;Windows 10&apos;, os.arch: &apos;amd64&apos;, os.version: &apos;10.0&apos;, java.version: &apos;11.0.4&apos;&#10;Driver info: driver.version: ChromeDriver&#10;remote stacktrace: Backtrace:&#10;	Ordinal0 [0x00597C93+1473683]&#10;	Ordinal0 [0x0051ADB1+961969]&#10;	Ordinal0 [0x004A42E3+475875]&#10;	Ordinal0 [0x0043F365+62309]&#10;	Ordinal0 [0x0043BC77+48247]&#10;	Ordinal0 [0x00459149+168265]&#10;	Ordinal0 [0x00458D1D+167197]&#10;	Ordinal0 [0x0045742B+160811]&#10;	Ordinal0 [0x00440AE6+68326]&#10;	Ordinal0 [0x00441BF0+72688]&#10;	Ordinal0 [0x00441B89+72585]&#10;	Ordinal0 [0x00534B77+1067895]&#10;	GetHandleVerifier [0x00636875+506677]&#10;	GetHandleVerifier [0x00636610+506064]&#10;	GetHandleVerifier [0x0063D1B8+533624]&#10;	GetHandleVerifier [0x0063704A+508682]&#10;	Ordinal0 [0x0052C266+1032806]&#10;	Ordinal0 [0x0052C0DF+1032415]&#10;	Ordinal0 [0x00536A8B+1075851]&#10;	Ordinal0 [0x00536BF3+1076211]&#10;	Ordinal0 [0x00535BA5+1072037]&#10;	BaseThreadInitThunk [0x76C56359+25]&#10;	RtlGetAppContainerNamedObjectPath [0x77EC7B74+228]&#10;	RtlGetAppContainerNamedObjectPath [0x77EC7B44+180]&#10;"/>
    <system-out><![CDATA[I am in onTestSkipped method HotelSearchcheck skipped
]]></system-out>
  </testcase>
  <testcase name="OnewaySearchTest" classname="TestCases.SearchPageTest" time="0">
    <skipped message="session not created: This version of ChromeDriver only supports Chrome version 76&#10;Build info: version: &apos;3.14.0&apos;, revision: &apos;aacccce0&apos;, time: &apos;2018-08-02T20:19:58.91Z&apos;&#10;System info: host: &apos;DESKTOP-6NI868R&apos;, ip: &apos;192.168.8.103&apos;, os.name: &apos;Windows 10&apos;, os.arch: &apos;amd64&apos;, os.version: &apos;10.0&apos;, java.version: &apos;11.0.4&apos;&#10;Driver info: driver.version: ChromeDriver&#10;remote stacktrace: Backtrace:&#10;	Ordinal0 [0x00597C93+1473683]&#10;	Ordinal0 [0x0051ADB1+961969]&#10;	Ordinal0 [0x004A42E3+475875]&#10;	Ordinal0 [0x0043F365+62309]&#10;	Ordinal0 [0x0043BC77+48247]&#10;	Ordinal0 [0x00459149+168265]&#10;	Ordinal0 [0x00458D1D+167197]&#10;	Ordinal0 [0x0045742B+160811]&#10;	Ordinal0 [0x00440AE6+68326]&#10;	Ordinal0 [0x00441BF0+72688]&#10;	Ordinal0 [0x00441B89+72585]&#10;	Ordinal0 [0x00534B77+1067895]&#10;	GetHandleVerifier [0x00636875+506677]&#10;	GetHandleVerifier [0x00636610+506064]&#10;	GetHandleVerifier [0x0063D1B8+533624]&#10;	GetHandleVerifier [0x0063704A+508682]&#10;	Ordinal0 [0x0052C266+1032806]&#10;	Ordinal0 [0x0052C0DF+1032415]&#10;	Ordinal0 [0x00536A8B+1075851]&#10;	Ordinal0 [0x00536BF3+1076211]&#10;	Ordinal0 [0x00535BA5+1072037]&#10;	BaseThreadInitThunk [0x76C56359+25]&#10;	RtlGetAppContainerNamedObjectPath [0x77EC7B74+228]&#10;	RtlGetAppContainerNamedObjectPath [0x77EC7B44+180]&#10;"/>
    <system-out><![CDATA[I am in onTestSkipped method OnewaySearchTest skipped
]]></system-out>
  </testcase>
</testsuite>